<?xml version="1.0" encoding="UTF-8"?>
<testng-results skipped="0" failed="0" ignored="0" total="2" passed="2">
  <reporter-output>
  </reporter-output>
  <suite name="Suite" duration-ms="56880" started-at="2018-06-08T10:18:57Z" finished-at="2018-06-08T10:19:54Z">
    <groups>
    </groups>
    <test name="Google Chrome Test1" duration-ms="28585" started-at="2018-06-08T10:18:57Z" finished-at="2018-06-08T10:19:25Z">
      <class name="com.cg.project.test.UnitTestForGoogleChrome">
        <test-method status="PASS" signature="setUpGoogleChromeTestEnv(java.lang.String)[pri:0, instance:com.cg.project.test.UnitTestForGoogleChrome@60285225]" name="setUpGoogleChromeTestEnv" is-config="true" duration-ms="3268" started-at="2018-06-08T10:18:57Z" finished-at="2018-06-08T10:19:00Z">
          <params>
            <param index="0">
              <value>
                <![CDATA[chrome]]>
              </value>
            </param>
          </params>
          <reporter-output>
          </reporter-output>
        </test-method> <!-- setUpGoogleChromeTestEnv -->
        <test-method status="PASS" signature="testWebPage()[pri:0, instance:com.cg.project.test.UnitTestForGoogleChrome@60285225]" name="testWebPage" duration-ms="23146" started-at="2018-06-08T10:19:00Z" finished-at="2018-06-08T10:19:23Z">
          <reporter-output>
          </reporter-output>
        </test-method> <!-- testWebPage -->
        <test-method status="PASS" signature="tearDownGoogleChromeTestEnv()[pri:0, instance:com.cg.project.test.UnitTestForGoogleChrome@60285225]" name="tearDownGoogleChromeTestEnv" is-config="true" duration-ms="2146" started-at="2018-06-08T10:19:23Z" finished-at="2018-06-08T10:19:25Z">
          <reporter-output>
          </reporter-output>
        </test-method> <!-- tearDownGoogleChromeTestEnv -->
      </class> <!-- com.cg.project.test.UnitTestForGoogleChrome -->
    </test> <!-- Google Chrome Test1 -->
    <test name="Google Chrome Test2" duration-ms="28266" started-at="2018-06-08T10:19:25Z" finished-at="2018-06-08T10:19:54Z">
      <class name="com.cg.project.test.UnitTestForGoogleChrome">
        <test-method status="PASS" signature="setUpGoogleChromeTestEnv(java.lang.String)[pri:0, instance:com.cg.project.test.UnitTestForGoogleChrome@11758f2a]" name="setUpGoogleChromeTestEnv" is-config="true" duration-ms="3483" started-at="2018-06-08T10:19:25Z" finished-at="2018-06-08T10:19:29Z">
          <params>
            <param index="0">
              <value>
                <![CDATA[chrome]]>
              </value>
            </param>
          </params>
          <reporter-output>
          </reporter-output>
        </test-method> <!-- setUpGoogleChromeTestEnv -->
        <test-method status="PASS" signature="testWebPage()[pri:0, instance:com.cg.project.test.UnitTestForGoogleChrome@11758f2a]" name="testWebPage" duration-ms="22637" started-at="2018-06-08T10:19:29Z" finished-at="2018-06-08T10:19:51Z">
          <reporter-output>
          </reporter-output>
        </test-method> <!-- testWebPage -->
        <test-method status="PASS" signature="tearDownGoogleChromeTestEnv()[pri:0, instance:com.cg.project.test.UnitTestForGoogleChrome@11758f2a]" name="tearDownGoogleChromeTestEnv" is-config="true" duration-ms="2143" started-at="2018-06-08T10:19:51Z" finished-at="2018-06-08T10:19:54Z">
          <reporter-output>
          </reporter-output>
        </test-method> <!-- tearDownGoogleChromeTestEnv -->
      </class> <!-- com.cg.project.test.UnitTestForGoogleChrome -->
    </test> <!-- Google Chrome Test2 -->
  </suite> <!-- Suite -->
</testng-results>
