<?xml version="1.0" encoding="UTF-8"?>
<!-- Generated by org.testng.reporters.JUnitXMLReporter -->
<testsuite hostname="LIN51005544" ignored="0" name="Fire Fox Test" tests="1" failures="1" timestamp="08 Jun 2018 07:08:07 GMT" time="26.039" errors="0">
  <testcase name="testWebPage" time="12.908" classname="com.cg.project.test.UnitTestForFireFox">
    <failure type="java.lang.IndexOutOfBoundsException" message="Index: 0, Size: 0">
      <![CDATA[java.lang.IndexOutOfBoundsException: Index: 0, Size: 0
at java.util.ArrayList.rangeCheck(ArrayList.java:653)
at java.util.ArrayList.get(ArrayList.java:429)
at com.cg.project.test.UnitTestForFireFox.testWebPage(UnitTestForFireFox.java:35)
at java.util.concurrent.ThreadPoolExecutor.runWorker(ThreadPoolExecutor.java:1142)
at java.util.concurrent.ThreadPoolExecutor$Worker.run(ThreadPoolExecutor.java:617)
at java.lang.Thread.run(Thread.java:748)
... Removed 10 stack frames]]>
    </failure>
  </testcase> <!-- testWebPage -->
</testsuite> <!-- Fire Fox Test -->
